     Running cairo-test utils
   Compiling test(utils_unittest) utils v0.1.0 (/Users/harshbajpai/Desktop/Projects/kakarot-ssj/crates/utils/Scarb.toml)
warn: Unused variable. Consider ignoring by prefixing with `_`.
 --> /Users/harshbajpai/Desktop/Projects/kakarot-ssj/crates/utils/src/helpers.cairo:959:17
            let j = i - 1;
                ^

    Finished release target(s) in 11 seconds
testing utils ...
running 1 tests
[DEBUG]	0x62797465735f6c656e ('bytes_len')
[DEBUG]	0x10
[DEBUG]	0x72 ('r')
[DEBUG]	0x0 ('')
[DEBUG]	0x2
[DEBUG]	0x62655f315f31 ('be_1_1')
[DEBUG]	0x6275662e6c656e28292c206a2c206e6578745f6a ('buf.len(), j, next_j')
[DEBUG]	0x8
[DEBUG]	0x0 ('')
[DEBUG]	0x8
[DEBUG]	0x696e6465782c2073656c662e6c656e ('index, self.len')
[DEBUG]	0x0 ('')
[DEBUG]	0x8
[DEBUG]	0x8
[DEBUG]	0x62655f32 ('be_2')
[DEBUG]	0x62655f32 ('be_2')
[DEBUG]	0x6275662e6c656e28292c206a2c206e6578745f6a ('buf.len(), j, next_j')
[DEBUG]	0x8
[DEBUG]	0x8
[DEBUG]	0x10
[DEBUG]	0x696e6465782c2073656c662e6c656e ('index, self.len')
[DEBUG]	0x0 ('')
[DEBUG]	0x8
[DEBUG]	0x8
[DEBUG]	0x62655f32 ('be_2')
[DEBUG]	0x62655f32 ('be_2')
[DEBUG]	0x76 ('v')
[DEBUG]	0x0 ('')
[DEBUG]	0x1
[DEBUG]	0x2
[DEBUG]	0x736372617463685f73706163655f696e6974 ('scratch_space_init')
[DEBUG]	0x0 ('')
I reach here as well
[DEBUG]	0x62617365 ('base')
[DEBUG]	0x2
[DEBUG]	0x657870 ('exp')
[DEBUG]	0x0 ('')
[DEBUG]	0x0 ('')
[DEBUG]	0x0 ('')
[DEBUG]	0x40 ('@')
or stuck here?
or stuck here 1
[DEBUG]	0x736372617463685f7370616365203e3e ('scratch_space >>')
[DEBUG]	0x1
or stuck here 2
or stuck here 3
[DEBUG]	0x20625f6d61736b (' b_mask')
[DEBUG]	0x0 ('')
[DEBUG]	0x80
or stuck here 4
[DEBUG]	0x737475636b20686572653f ('stuck here?')
or stuck here 1
[DEBUG]	0x736372617463685f7370616365203e3e ('scratch_space >>')
[DEBUG]	0x1
or stuck here 2
or stuck here 3
[DEBUG]	0x20625f6d61736b (' b_mask')
[DEBUG]	0x0 ('')
[DEBUG]	0x40 ('@')
or stuck here 4
[DEBUG]	0x737475636b20686572653f ('stuck here?')
or stuck here 1
[DEBUG]	0x736372617463685f7370616365203e3e ('scratch_space >>')
[DEBUG]	0x1
or stuck here 2
or stuck here 3
[DEBUG]	0x20625f6d61736b (' b_mask')
[DEBUG]	0x0 ('')
[DEBUG]	0x20 (' ')
or stuck here 4
[DEBUG]	0x737475636b20686572653f ('stuck here?')
or stuck here 1
[DEBUG]	0x736372617463685f7370616365203e3e ('scratch_space >>')
[DEBUG]	0x1
or stuck here 2
or stuck here 3
[DEBUG]	0x20625f6d61736b (' b_mask')
[DEBUG]	0x0 ('')
[DEBUG]	0x10
or stuck here 4
[DEBUG]	0x737475636b20686572653f ('stuck here?')
or stuck here 1
[DEBUG]	0x736372617463685f7370616365203e3e ('scratch_space >>')
[DEBUG]	0x1
or stuck here 2
or stuck here 3
[DEBUG]	0x20625f6d61736b (' b_mask')
[DEBUG]	0x0 ('')
[DEBUG]	0x8
or stuck here 4
[DEBUG]	0x737475636b20686572653f ('stuck here?')
or stuck here 1
[DEBUG]	0x736372617463685f7370616365203e3e ('scratch_space >>')
[DEBUG]	0x1
or stuck here 2
or stuck here 3
[DEBUG]	0x20625f6d61736b (' b_mask')
[DEBUG]	0x0 ('')
[DEBUG]	0x4
or stuck here 4
[DEBUG]	0x737475636b20686572653f ('stuck here?')
or stuck here 1
[DEBUG]	0x736372617463685f7370616365203e3e ('scratch_space >>')
[DEBUG]	0x1
or stuck here 2
or stuck here 3
[DEBUG]	0x20625f6d61736b (' b_mask')
[DEBUG]	0x0 ('')
[DEBUG]	0x2
or stuck here 4
[DEBUG]	0x737475636b20686572653f ('stuck here?')
or stuck here 1
[DEBUG]	0x736372617463685f7370616365203e3e ('scratch_space >>')
[DEBUG]	0x1
or stuck here 2
or stuck here 3
[DEBUG]	0x20625f6d61736b (' b_mask')
[DEBUG]	0x0 ('')
[DEBUG]	0x1
or stuck here 4
[DEBUG]	0x737475636b20686572653f ('stuck here?')
or stuck here?
or stuck here 1
[DEBUG]	0x736372617463685f7370616365203e3e ('scratch_space >>')
[DEBUG]	0x1
or stuck here 2
or stuck here 3
[DEBUG]	0x20625f6d61736b (' b_mask')
[DEBUG]	0x0 ('')
[DEBUG]	0x80
or stuck here 4
[DEBUG]	0x737475636b20686572653f ('stuck here?')
or stuck here 1
[DEBUG]	0x736372617463685f7370616365203e3e ('scratch_space >>')
[DEBUG]	0x1
or stuck here 2
or stuck here 3
[DEBUG]	0x20625f6d61736b (' b_mask')
[DEBUG]	0x0 ('')
[DEBUG]	0x40 ('@')
or stuck here 4
[DEBUG]	0x737475636b20686572653f ('stuck here?')
or stuck here 1
[DEBUG]	0x736372617463685f7370616365203e3e ('scratch_space >>')
[DEBUG]	0x1
or stuck here 2
or stuck here 3
[DEBUG]	0x20625f6d61736b (' b_mask')
[DEBUG]	0x0 ('')
[DEBUG]	0x20 (' ')
or stuck here 4
[DEBUG]	0x737475636b20686572653f ('stuck here?')
or stuck here 1
[DEBUG]	0x736372617463685f7370616365203e3e ('scratch_space >>')
[DEBUG]	0x1
or stuck here 2
or stuck here 3
[DEBUG]	0x20625f6d61736b (' b_mask')
[DEBUG]	0x0 ('')
[DEBUG]	0x10
or stuck here 4
[DEBUG]	0x737475636b20686572653f ('stuck here?')
or stuck here 1
[DEBUG]	0x736372617463685f7370616365203e3e ('scratch_space >>')
[DEBUG]	0x1
or stuck here 2
or stuck here 3
[DEBUG]	0x20625f6d61736b (' b_mask')
[DEBUG]	0x0 ('')
[DEBUG]	0x8
or stuck here 4
[DEBUG]	0x737475636b20686572653f ('stuck here?')
or stuck here 1
[DEBUG]	0x736372617463685f7370616365203e3e ('scratch_space >>')
[DEBUG]	0x1
or stuck here 2
or stuck here 3
[DEBUG]	0x20625f6d61736b (' b_mask')
[DEBUG]	0x0 ('')
[DEBUG]	0x4
or stuck here 4
[DEBUG]	0x737475636b20686572653f ('stuck here?')
or stuck here 1
[DEBUG]	0x736372617463685f7370616365203e3e ('scratch_space >>')
[DEBUG]	0x1
or stuck here 2
or stuck here 3
[DEBUG]	0x20625f6d61736b (' b_mask')
[DEBUG]	0x0 ('')
[DEBUG]	0x2
or stuck here 4
[DEBUG]	0x737475636b20686572653f ('stuck here?')
or stuck here 1
[DEBUG]	0x736372617463685f7370616365203e3e ('scratch_space >>')
[DEBUG]	0x1
or stuck here 2
or stuck here 3
[DEBUG]	0x20625f6d61736b (' b_mask')
[DEBUG]	0x0 ('')
[DEBUG]	0x1
or stuck here 4
[DEBUG]	0x737475636b20686572653f ('stuck here?')
or stuck here?
or stuck here 1
[DEBUG]	0x736372617463685f7370616365203e3e ('scratch_space >>')
[DEBUG]	0x1
or stuck here 2
or stuck here 3
[DEBUG]	0x20625f6d61736b (' b_mask')
[DEBUG]	0x0 ('')
[DEBUG]	0x80
or stuck here 4
[DEBUG]	0x737475636b20686572653f ('stuck here?')
or stuck here 1
[DEBUG]	0x736372617463685f7370616365203e3e ('scratch_space >>')
[DEBUG]	0x1
or stuck here 2
or stuck here 3
[DEBUG]	0x20625f6d61736b (' b_mask')
[DEBUG]	0x0 ('')
[DEBUG]	0x40 ('@')
or stuck here 4
[DEBUG]	0x737475636b20686572653f ('stuck here?')
or stuck here 1
[DEBUG]	0x736372617463685f7370616365203e3e ('scratch_space >>')
[DEBUG]	0x1
or stuck here 2
or stuck here 3
[DEBUG]	0x20625f6d61736b (' b_mask')
[DEBUG]	0x0 ('')
[DEBUG]	0x20 (' ')
or stuck here 4
[DEBUG]	0x737475636b20686572653f ('stuck here?')
or stuck here 1
[DEBUG]	0x736372617463685f7370616365203e3e ('scratch_space >>')
[DEBUG]	0x1
or stuck here 2
or stuck here 3
[DEBUG]	0x20625f6d61736b (' b_mask')
[DEBUG]	0x0 ('')
[DEBUG]	0x10
or stuck here 4
[DEBUG]	0x737475636b20686572653f ('stuck here?')
or stuck here 1
[DEBUG]	0x736372617463685f7370616365203e3e ('scratch_space >>')
[DEBUG]	0x1
or stuck here 2
or stuck here 3
[DEBUG]	0x20625f6d61736b (' b_mask')
[DEBUG]	0x0 ('')
[DEBUG]	0x8
or stuck here 4
[DEBUG]	0x737475636b20686572653f ('stuck here?')
or stuck here 1
[DEBUG]	0x736372617463685f7370616365203e3e ('scratch_space >>')
[DEBUG]	0x1
or stuck here 2
or stuck here 3
[DEBUG]	0x20625f6d61736b (' b_mask')
[DEBUG]	0x0 ('')
[DEBUG]	0x4
or stuck here 4
[DEBUG]	0x737475636b20686572653f ('stuck here?')
or stuck here 1
[DEBUG]	0x736372617463685f7370616365203e3e ('scratch_space >>')
[DEBUG]	0x1
or stuck here 2
or stuck here 3
[DEBUG]	0x20625f6d61736b (' b_mask')
[DEBUG]	0x0 ('')
[DEBUG]	0x2
or stuck here 4
[DEBUG]	0x737475636b20686572653f ('stuck here?')
or stuck here 1
[DEBUG]	0x736372617463685f7370616365203e3e ('scratch_space >>')
[DEBUG]	0x1
or stuck here 2
or stuck here 3
[DEBUG]	0x20625f6d61736b (' b_mask')
[DEBUG]	0x0 ('')
[DEBUG]	0x1
or stuck here 4
[DEBUG]	0x737475636b20686572653f ('stuck here?')
or stuck here?
or stuck here 1
[DEBUG]	0x736372617463685f7370616365203e3e ('scratch_space >>')
[DEBUG]	0x1
or stuck here 2
or stuck here 3
[DEBUG]	0x20625f6d61736b (' b_mask')
[DEBUG]	0x40 ('@')
[DEBUG]	0x80
or stuck here 4
[DEBUG]	0x737475636b20686572653f ('stuck here?')
or stuck here 1
[DEBUG]	0x736372617463685f7370616365203e3e ('scratch_space >>')
[DEBUG]	0x1
or stuck here 2
or stuck here 3
[DEBUG]	0x20625f6d61736b (' b_mask')
[DEBUG]	0x40 ('@')
[DEBUG]	0x40 ('@')
[DEBUG]	0x726573756c745f626173655f736361727463685f7370616365 ('result_base_scartch_space')
[DEBUG]	0x1
[DEBUG]	0x2d2d2d2d2d ('-----')
[DEBUG]	0x2
[DEBUG]	0x2d2d2d2d2d ('-----')
[DEBUG]	0x0 ('')
[DEBUG]	0x2d2d2d2d2d ('-----')
[DEBUG]	0x736372617463685f7370616365202d2d ('scratch_space --')
[DEBUG]	0x2
[DEBUG]	0x726573756c74202d2d ('result --')
[DEBUG]	0x2
or stuck here 4
[DEBUG]	0x737475636b20686572653f ('stuck here?')
or stuck here 1
[DEBUG]	0x736372617463685f7370616365203e3e ('scratch_space >>')
[DEBUG]	0x4
or stuck here 2
or stuck here 3
[DEBUG]	0x20625f6d61736b (' b_mask')
[DEBUG]	0x40 ('@')
[DEBUG]	0x20 (' ')
or stuck here 4
[DEBUG]	0x737475636b20686572653f ('stuck here?')
or stuck here 1
[DEBUG]	0x736372617463685f7370616365203e3e ('scratch_space >>')
[DEBUG]	0x10
or stuck here 2
or stuck here 3
[DEBUG]	0x20625f6d61736b (' b_mask')
[DEBUG]	0x40 ('@')
[DEBUG]	0x10
or stuck here 4
[DEBUG]	0x737475636b20686572653f ('stuck here?')
or stuck here 1
[DEBUG]	0x736372617463685f7370616365203e3e ('scratch_space >>')
[DEBUG]	0x100
or stuck here 2
or stuck here 3
[DEBUG]	0x20625f6d61736b (' b_mask')
[DEBUG]	0x40 ('@')
[DEBUG]	0x8
or stuck here 4
[DEBUG]	0x737475636b20686572653f ('stuck here?')
or stuck here 1
[DEBUG]	0x736372617463685f7370616365203e3e ('scratch_space >>')
[DEBUG]	0x10000
or stuck here 2
or stuck here 3
[DEBUG]	0x20625f6d61736b (' b_mask')
[DEBUG]	0x40 ('@')
[DEBUG]	0x4
or stuck here 4
[DEBUG]	0x737475636b20686572653f ('stuck here?')
or stuck here 1
[DEBUG]	0x736372617463685f7370616365203e3e ('scratch_space >>')
[DEBUG]	0x100000000
or stuck here 2
or stuck here 3
[DEBUG]	0x20625f6d61736b (' b_mask')
[DEBUG]	0x40 ('@')
[DEBUG]	0x2
or stuck here 4
[DEBUG]	0x737475636b20686572653f ('stuck here?')
or stuck here 1
[DEBUG]	0x736372617463685f7370616365203e3e ('scratch_space >>')
[DEBUG]	0x0 ('')
or stuck here 2
or stuck here 3
[DEBUG]	0x20625f6d61736b (' b_mask')
[DEBUG]	0x40 ('@')
[DEBUG]	0x1
or stuck here 4
[DEBUG]	0x737475636b20686572653f ('stuck here?')
[DEBUG]	0x79617921 ('yay!')
[DEBUG]	0x0 ('')
[DEBUG]	0x6c68735f6c656e2c207268735f6c656e ('lhs_len, rhs_len')
[DEBUG]	0x0 ('')
[DEBUG]	0x2
test utils::tests::test_modexp::test_big_wrapping_pow_3 ... fail (gas usage est.: 39102974)
failures:
   utils::tests::test_modexp::test_big_wrapping_pow_3 - Panicked with "assertion failed: `result.digits.equal(ref expected.digits)`.".

